
Showing logs for build [32mcb-kubecd-san-deigo2-master-1[0m stage [32mfrom-build-pack[0m and container [32mstep-credential-initializer-n42sg[0m
{"level":"warn","ts":1574221765.3231509,"logger":"fallback-logger","caller":"logging/config.go:69","msg":"Fetch GitHub commit ID from kodata failed: \"ref: refs/heads/master\" is not a valid GitHub commit ID"}
{"level":"info","ts":1574221765.3237705,"logger":"fallback-logger","caller":"creds-init/main.go:40","msg":"Credentials initialized."}

Showing logs for build [32mcb-kubecd-san-deigo2-master-1[0m stage [32mfrom-build-pack[0m and container [32mstep-working-dir-initializer-kr9jq[0m
{"level":"warn","ts":1574221766.7383103,"logger":"fallback-logger","caller":"logging/config.go:69","msg":"Fetch GitHub commit ID from kodata failed: open /var/run/ko/HEAD: no such file or directory"}
{"level":"info","ts":1574221766.7403193,"logger":"fallback-logger","caller":"bash/main.go:65","msg":"Successfully executed command \"mkdir -p /workspace/source\""}

Showing logs for build [32mcb-kubecd-san-deigo2-master-1[0m stage [32mfrom-build-pack[0m and container [32mstep-place-tools[0m

Showing logs for build [32mcb-kubecd-san-deigo2-master-1[0m stage [32mfrom-build-pack[0m and container [32mstep-git-source-cb-kubecd-san-deigo2-master-42zt8[0m
{"level":"warn","ts":1574221812.2070646,"logger":"fallback-logger","caller":"logging/config.go:69","msg":"Fetch GitHub commit ID from kodata failed: \"ref: refs/heads/master\" is not a valid GitHub commit ID"}
{"level":"info","ts":1574221812.7447884,"logger":"fallback-logger","caller":"git/git.go:102","msg":"Successfully cloned https://github.com/cb-kubecd/san-deigo2.git @ v0.0.1 in path /workspace/source"}

Showing logs for build [32mcb-kubecd-san-deigo2-master-1[0m stage [32mfrom-build-pack[0m and container [32mstep-git-merge[0m
Using SHAs from PULL_REFS=master:0ab69144955efa0ecc774f22ed16de4d9c47e6cc
WARNING: no SHAs to merge, falling back to initial cloned commit

Showing logs for build [32mcb-kubecd-san-deigo2-master-1[0m stage [32mfrom-build-pack[0m and container [32mstep-setup-jx-git-credentials[0m
Generated Git credentials file /workspace/xdg_config/git/credentials

Showing logs for build [32mcb-kubecd-san-deigo2-master-1[0m stage [32mfrom-build-pack[0m and container [32mstep-build-npmrc[0m
WARNING: failed to find Secret npm-token in namespace **

Showing logs for build [32mcb-kubecd-san-deigo2-master-1[0m stage [32mfrom-build-pack[0m and container [32mstep-build-npm-install[0m
npm notice created a lockfile as package-lock.json. You should commit this file.
npm WARN REPLACE_ME@1.0.0 No repository field.
npm WARN REPLACE_ME@1.0.0 No license field.

up to date in 0.331s
found 0 vulnerabilities


Showing logs for build [32mcb-kubecd-san-deigo2-master-1[0m stage [32mfrom-build-pack[0m and container [32mstep-build-npm-test[0m

> REPLACE_ME@1.0.0 test /workspace/source
> echo "no test specified" && exit 0

no test specified

Showing logs for build [32mcb-kubecd-san-deigo2-master-1[0m stage [32mfrom-build-pack[0m and container [32mstep-build-container-build[0m
[36mINFO[0m[0000] Downloading base image node:9-slim           
ERROR: logging before flag.Parse: E1120 03:50:18.534745       9 metadata.go:142] while reading 'google-dockercfg' metadata: http status code: 404 while fetching url http://metadata.google.internal./computeMetadata/v1/instance/attributes/google-dockercfg
ERROR: logging before flag.Parse: E1120 03:50:18.539688       9 metadata.go:159] while reading 'google-dockercfg-url' metadata: http status code: 404 while fetching url http://metadata.google.internal./computeMetadata/v1/instance/attributes/google-dockercfg-url
2019/11/20 03:50:18 No matching credentials were found, falling back on anonymous
[36mINFO[0m[0001] Error while retrieving image from cache: getting file info: stat /workspace/sha256:0e0175bbe4f8d9d104590d8d2c591017874e30977cb71aaff1cf6fa99479575c: no such file or directory 
[36mINFO[0m[0001] Downloading base image node:9-slim           
2019/11/20 03:50:19 No matching credentials were found, falling back on anonymous
[36mINFO[0m[0002] Executing 0 build triggers                   
[36mINFO[0m[0002] cmd: EXPOSE                                  
[36mINFO[0m[0002] Adding exposed port: 8080/tcp                
[36mINFO[0m[0002] Using files from context: [/workspace/source] 
[36mINFO[0m[0002] Skipping unpacking as no commands require it. 
[36mINFO[0m[0002] Taking snapshot of full filesystem...        
[36mINFO[0m[0002] ENV PORT 8080                                
[36mINFO[0m[0002] No files changed in this command, skipping snapshotting. 
[36mINFO[0m[0002] EXPOSE 8080                                  
[36mINFO[0m[0002] cmd: EXPOSE                                  
[36mINFO[0m[0002] Adding exposed port: 8080/tcp                
[36mINFO[0m[0002] No files changed in this command, skipping snapshotting. 
[36mINFO[0m[0002] WORKDIR /usr/src/app                         
[36mINFO[0m[0002] cmd: workdir                                 
[36mINFO[0m[0002] Changed working directory to /usr/src/app    
[36mINFO[0m[0002] Creating directory /usr/src/app              
[36mINFO[0m[0002] Taking snapshot of files...                  
[36mINFO[0m[0002] Using files from context: [/workspace/source] 
[36mINFO[0m[0002] COPY . .                                     
[36mINFO[0m[0002] Taking snapshot of files...                  
[36mINFO[0m[0002] CMD ["npm", "start"]                         
[36mINFO[0m[0002] No files changed in this command, skipping snapshotting. 
2019/11/20 03:50:20 existing blob: sha256:a88538b9cd05cfa611e43a25582a95ad7879f6fa708b0386a26b71ee62235bb3
2019/11/20 03:50:20 existing blob: sha256:196b8e3c919d5639193ba6c6e54774528942041bbc37606631a2250502985c3c
2019/11/20 03:50:21 existing blob: sha256:e01bd28a434b56ffd2a3fe9aa99b9b69aecca69904843edd30b1ee7150d79904
2019/11/20 03:50:21 existing blob: sha256:5bba3ecb4cd6374a19da45f2a3db0a9c0804984358b3bb4b666c28944016e5ff
2019/11/20 03:50:21 existing blob: sha256:7d083412657baa2dafba8d093034ef26f9ed2c90fb6ed95f76bb55aff03ed429
2019/11/20 03:50:22 pushed blob: sha256:7c56632afc123ebf3b8319978acb68f404cf77cdbba3f662dd6e37725bff45c3
2019/11/20 03:50:23 pushed blob: sha256:e751793a803ddedeff3269c8146dd532096015c13db3ccac6674c2acac766c6e
2019/11/20 03:50:23 pushed blob: sha256:7f1e1efdf01c48862aa06488ed5b7928e02993bc0fd7d7cb9b496242e75ea7c9
2019/11/20 03:50:23 gcr.io/jenkins-x-demo-238815/san-deigo2:0.0.1: digest: sha256:e1e732558271589070c0a013a81f5122acdc016186443e863ce93246ba7189b3 size: 1404

Showing logs for build [32mcb-kubecd-san-deigo2-master-1[0m stage [32mfrom-build-pack[0m and container [32mstep-build-post-build[0m
no CVE provider running in the current ** namespace so skip adding image to be analysed

Showing logs for build [32mcb-kubecd-san-deigo2-master-1[0m stage [32mfrom-build-pack[0m and container [32mstep-promote-changelog[0m
Converted /workspace/source/charts/san-deigo2 to an unshallow repository
Generating change log from git ref 9353a556a9a241ea2309da1b4ab2aaf60c894786 => 5b0364dc92dbfe2d0d35d91a96221b3ff14f2ca2
WARNING: Failed to enrich commit 0ab69144955efa0ecc774f22ed16de4d9c47e6cc with issues: selected more than one user from users.jenkins.io: [rawlingsj x-0]
WARNING: Failed to enrich commit 0ab69144955efa0ecc774f22ed16de4d9c47e6cc with issues: selected more than one user from users.jenkins.io: [rawlingsj x-0]
Finding issues in commit messages using git format
WARNING: No release found for cb-kubecd/san-deigo2 and tag v0.0.1 so creating a new release
Updated the release information at https://github.com/cb-kubecd/san-deigo2/releases/tag/v0.0.1
generated: /workspace/source/charts/san-deigo2/templates/release.yaml
Created Release san-deigo2-0-0-1 resource in namespace **
Updating PipelineActivity cb-kubecd-san-deigo2-master-1 with version 0.0.1
Updated PipelineActivities cb-kubecd-san-deigo2-master-1 with release notes URL: https://github.com/cb-kubecd/san-deigo2/releases/tag/v0.0.1

Showing logs for build [32mcb-kubecd-san-deigo2-master-1[0m stage [32mfrom-build-pack[0m and container [32mstep-promote-helm-release[0m
WARNING: No $CHART_REPOSITORY defined so using the default value of: http://jenkins-x-chartmuseum:8080
Adding missing Helm repo: storage.googleapis.com https://storage.googleapis.com/chartmuseum.jenkins-x.io
Read credentials for https://storage.googleapis.com/chartmuseum.jenkins-x.io from vault helm/repos
Successfully added Helm repository storage.googleapis.com.
Adding missing Helm repo: jenkins-x-chartmuseum http://jenkins-x-chartmuseum:8080
Read credentials for http://jenkins-x-chartmuseum:8080 from vault helm/repos
Successfully added Helm repository jenkins-x-chartmuseum.
WARNING: No $CHART_REPOSITORY defined so using the default value of: http://jenkins-x-chartmuseum:8080
Uploading chart file san-deigo2-0.0.1.tgz to http://jenkins-x-chartmuseum:8080/api/charts
Received 201 response: {"saved":true}

Showing logs for build [32mcb-kubecd-san-deigo2-master-1[0m stage [32mfrom-build-pack[0m and container [32mstep-promote-jx-promote[0m
WARNING: prow based install so skip waiting for the merge of Pull Requests to go green as currently there is an issue with gettingstatuses from the PR, see https://github.com/jenkins-x/**/issues/2410
WARNING: No $CHART_REPOSITORY defined so using the default value of: http://jenkins-x-chartmuseum:8080
Promoting app san-deigo2 version 0.0.1 to namespace **-staging
Created Pull Request: https://github.com/cb-kubecd/environment-belldark-staging/pull/4
Added label updatebot to Pull Request https://github.com/cb-kubecd/environment-belldark-staging/pull/4
got git provider status pending from PR https://github.com/cb-kubecd/environment-belldark-staging/pull/4
got git provider status pending from PR https://github.com/cb-kubecd/environment-belldark-staging/pull/4
got git provider status pending from PR https://github.com/cb-kubecd/environment-belldark-staging/pull/4
got git provider status pending from PR https://github.com/cb-kubecd/environment-belldark-staging/pull/4
got git provider status pending from PR https://github.com/cb-kubecd/environment-belldark-staging/pull/4
Pull Request https://github.com/cb-kubecd/environment-belldark-staging/pull/4 is merged at sha df541eceb983f5101a629317e5d5a08fcea72cc4
Pull Request merged but we are not waiting for the update pipeline to complete!
WARNING: Could not find the service URL in namespace **-staging for names san-deigo2, **-san-deigo2, **-staging-san-deigo2
